# JRE version: Java(TM) SE Runtime Environment (8.0_202-b08) (build 1.8.0_202-b08)
# Java VM: Java HotSpot(TM) 64-Bit Server VM (25.202-b08 mixed mode windows-amd64 compressed oops)
Heap:
 PSYoungGen      total 231936K, used 75467K [0x00000000e0000000, 0x00000000f0700000, 0x0000000100000000)
  eden space 210432K, 26% used [0x00000000e0000000,0x00000000e3762780,0x00000000ecd80000)
  from space 21504K, 87% used [0x00000000ecd80000,0x00000000edfd0850,0x00000000ee280000)
  to   space 21504K, 0% used [0x00000000ee280000,0x00000000ee280000,0x00000000ef780000)
 ParOldGen       total 196096K, used 15007K [0x00000000a0000000, 0x00000000abf80000, 0x00000000e0000000)
  object space 196096K, 7% used [0x00000000a0000000,0x00000000a0ea7f20,0x00000000abf80000)
 Metaspace       used 51082K, capacity 53240K, committed 53504K, reserved 1095680K
  class space    used 6980K, capacity 7398K, committed 7424K, reserved 1048576K
GC Heap History (10 events):
Event: 2.690 GC heap before
{Heap before GC invocations=3 (full 1):
 PSYoungGen      total 152576K, used 14381K [0x00000000e0000000, 0x00000000eaa00000, 0x0000000100000000)
  eden space 131072K, 0% used [0x00000000e0000000,0x00000000e0000000,0x00000000e8000000)
  from space 21504K, 66% used [0x00000000e9500000,0x00000000ea30b408,0x00000000eaa00000)
  to   space 21504K, 0% used [0x00000000e8000000,0x00000000e8000000,0x00000000e9500000)
 ParOldGen       total 348160K, used 24K [0x00000000a0000000, 0x00000000b5400000, 0x00000000e0000000)
  object space 348160K, 0% used [0x00000000a0000000,0x00000000a0006020,0x00000000b5400000)
 Metaspace       used 20538K, capacity 21202K, committed 21296K, reserved 1067008K
  class space    used 2929K, capacity 3111K, committed 3200K, reserved 1048576K
Event: 2.707 GC heap after
Heap after GC invocations=3 (full 1):
 PSYoungGen      total 152576K, used 0K [0x00000000e0000000, 0x00000000eaa00000, 0x0000000100000000)
  eden space 131072K, 0% used [0x00000000e0000000,0x00000000e0000000,0x00000000e8000000)
  from space 21504K, 0% used [0x00000000e9500000,0x00000000e9500000,0x00000000eaa00000)
  to   space 21504K, 0% used [0x00000000e8000000,0x00000000e8000000,0x00000000e9500000)
 ParOldGen       total 196096K, used 13420K [0x00000000a0000000, 0x00000000abf80000, 0x00000000e0000000)
  object space 196096K, 6% used [0x00000000a0000000,0x00000000a0d1b3e8,0x00000000abf80000)
 Metaspace       used 20538K, capacity 21202K, committed 21296K, reserved 1067008K
  class space    used 2929K, capacity 3111K, committed 3200K, reserved 1048576K
}
Event: 3.340 GC heap before
{Heap before GC invocations=4 (full 1):
 PSYoungGen      total 152576K, used 131072K [0x00000000e0000000, 0x00000000eaa00000, 0x0000000100000000)
  eden space 131072K, 100% used [0x00000000e0000000,0x00000000e8000000,0x00000000e8000000)
  from space 21504K, 0% used [0x00000000e9500000,0x00000000e9500000,0x00000000eaa00000)
  to   space 21504K, 0% used [0x00000000e8000000,0x00000000e8000000,0x00000000e9500000)
 ParOldGen       total 196096K, used 13426K [0x00000000a0000000, 0x00000000abf80000, 0x00000000e0000000)
  object space 196096K, 6% used [0x00000000a0000000,0x00000000a0d1cab0,0x00000000abf80000)
 Metaspace       used 32770K, capacity 33882K, committed 34048K, reserved 1079296K
  class space    used 4565K, capacity 4819K, committed 4864K, reserved 1048576K
Event: 3.346 GC heap after
Heap after GC invocations=4 (full 1):
 PSYoungGen      total 152576K, used 13983K [0x00000000e0000000, 0x00000000ef780000, 0x0000000100000000)
  eden space 131072K, 0% used [0x00000000e0000000,0x00000000e0000000,0x00000000e8000000)
  from space 21504K, 65% used [0x00000000e8000000,0x00000000e8da7c50,0x00000000e9500000)
  to   space 21504K, 0% used [0x00000000ee280000,0x00000000ee280000,0x00000000ef780000)
 ParOldGen       total 196096K, used 13434K [0x00000000a0000000, 0x00000000abf80000, 0x00000000e0000000)
  object space 196096K, 6% used [0x00000000a0000000,0x00000000a0d1eab0,0x00000000abf80000)
 Metaspace       used 32770K, capacity 33882K, committed 34048K, reserved 1079296K
  class space    used 4565K, capacity 4819K, committed 4864K, reserved 1048576K
}
Event: 3.470 GC heap before
{Heap before GC invocations=5 (full 1):
 PSYoungGen      total 152576K, used 54610K [0x00000000e0000000, 0x00000000ef780000, 0x0000000100000000)
  eden space 131072K, 30% used [0x00000000e0000000,0x00000000e27acfa8,0x00000000e8000000)
  from space 21504K, 65% used [0x00000000e8000000,0x00000000e8da7c50,0x00000000e9500000)
  to   space 21504K, 0% used [0x00000000ee280000,0x00000000ee280000,0x00000000ef780000)
 ParOldGen       total 196096K, used 13434K [0x00000000a0000000, 0x00000000abf80000, 0x00000000e0000000)
  object space 196096K, 6% used [0x00000000a0000000,0x00000000a0d1eab0,0x00000000abf80000)
 Metaspace       used 34297K, capacity 35460K, committed 35496K, reserved 1079296K
  class space    used 4829K, capacity 5101K, committed 5120K, reserved 1048576K
Event: 3.474 GC heap after
Heap after GC invocations=5 (full 1):
 PSYoungGen      total 231936K, used 8537K [0x00000000e0000000, 0x00000000f0700000, 0x0000000100000000)
  eden space 210432K, 0% used [0x00000000e0000000,0x00000000e0000000,0x00000000ecd80000)
  from space 21504K, 39% used [0x00000000ee280000,0x00000000eead6528,0x00000000ef780000)
  to   space 21504K, 0% used [0x00000000ecd80000,0x00000000ecd80000,0x00000000ee280000)
 ParOldGen       total 196096K, used 13442K [0x00000000a0000000, 0x00000000abf80000, 0x00000000e0000000)
  object space 196096K, 6% used [0x00000000a0000000,0x00000000a0d20ab0,0x00000000abf80000)
 Metaspace       used 34297K, capacity 35460K, committed 35496K, reserved 1079296K
  class space    used 4829K, capacity 5101K, committed 5120K, reserved 1048576K
}
Event: 3.474 GC heap before
{Heap before GC invocations=6 (full 2):
 PSYoungGen      total 231936K, used 8537K [0x00000000e0000000, 0x00000000f0700000, 0x0000000100000000)
  eden space 210432K, 0% used [0x00000000e0000000,0x00000000e0000000,0x00000000ecd80000)
  from space 21504K, 39% used [0x00000000ee280000,0x00000000eead6528,0x00000000ef780000)
  to   space 21504K, 0% used [0x00000000ecd80000,0x00000000ecd80000,0x00000000ee280000)
 ParOldGen       total 196096K, used 13442K [0x00000000a0000000, 0x00000000abf80000, 0x00000000e0000000)
  object space 196096K, 6% used [0x00000000a0000000,0x00000000a0d20ab0,0x00000000abf80000)
 Metaspace       used 34297K, capacity 35460K, committed 35496K, reserved 1079296K
  class space    used 4829K, capacity 5101K, committed 5120K, reserved 1048576K
Event: 3.497 GC heap after
Heap after GC invocations=6 (full 2):
 PSYoungGen      total 231936K, used 0K [0x00000000e0000000, 0x00000000f0700000, 0x0000000100000000)
  eden space 210432K, 0% used [0x00000000e0000000,0x00000000e0000000,0x00000000ecd80000)
  from space 21504K, 0% used [0x00000000ee280000,0x00000000ee280000,0x00000000ef780000)
  to   space 21504K, 0% used [0x00000000ecd80000,0x00000000ecd80000,0x00000000ee280000)
 ParOldGen       total 196096K, used 14999K [0x00000000a0000000, 0x00000000abf80000, 0x00000000e0000000)
  object space 196096K, 7% used [0x00000000a0000000,0x00000000a0ea5f20,0x00000000abf80000)
 Metaspace       used 34297K, capacity 35460K, committed 35496K, reserved 1079296K
  class space    used 4829K, capacity 5101K, committed 5120K, reserved 1048576K
}
Event: 4.397 GC heap before
{Heap before GC invocations=7 (full 2):
 PSYoungGen      total 231936K, used 210432K [0x00000000e0000000, 0x00000000f0700000, 0x0000000100000000)
  eden space 210432K, 100% used [0x00000000e0000000,0x00000000ecd80000,0x00000000ecd80000)
  from space 21504K, 0% used [0x00000000ee280000,0x00000000ee280000,0x00000000ef780000)
  to   space 21504K, 0% used [0x00000000ecd80000,0x00000000ecd80000,0x00000000ee280000)
 ParOldGen       total 196096K, used 14999K [0x00000000a0000000, 0x00000000abf80000, 0x00000000e0000000)
  object space 196096K, 7% used [0x00000000a0000000,0x00000000a0ea5f20,0x00000000abf80000)
 Metaspace       used 46291K, capacity 48280K, committed 48512K, reserved 1091584K
  class space    used 6403K, capacity 6771K, committed 6784K, reserved 1048576K
Event: 4.406 GC heap after
Heap after GC invocations=7 (full 2):
 PSYoungGen      total 231936K, used 18754K [0x00000000e0000000, 0x00000000f0700000, 0x0000000100000000)
  eden space 210432K, 0% used [0x00000000e0000000,0x00000000e0000000,0x00000000ecd80000)
  from space 21504K, 87% used [0x00000000ecd80000,0x00000000edfd0850,0x00000000ee280000)
  to   space 21504K, 0% used [0x00000000ee280000,0x00000000ee280000,0x00000000ef780000)
 ParOldGen       total 196096K, used 15007K [0x00000000a0000000, 0x00000000abf80000, 0x00000000e0000000)
  object space 196096K, 7% used [0x00000000a0000000,0x00000000a0ea7f20,0x00000000abf80000)
 Metaspace       used 46291K, capacity 48280K, committed 48512K, reserved 1091584K
  class space    used 6403K, capacity 6771K, committed 6784K, reserved 1048576K
}

